<?xml version="1.0" encoding="UTF-8" ?>
<testsuite errors="0" failures="0" hostname="KUBRICK-PC" name="util.TreeTeste" skipped="0" tests="5" time="0.562" timestamp="2019-08-05T00:05:55">
  <properties>
    <property name="libs.spring-framework300.classpath" value="C:\Program Files (x86)\netbeans\ide\modules\org-apache-commons-logging.jar;C:\Program Files (x86)\netbeans\java\modules\ext\cglib-2.2.jar;C:\Program Files (x86)\netbeans\java\modules\ext\spring-3.0\spring-aop-3.2.7.RELEASE.jar;C:\Program Files (x86)\netbeans\java\modules\ext\spring-3.0\spring-aspects-3.2.7.RELEASE.jar;C:\Program Files (x86)\netbeans\java\modules\ext\spring-3.0\spring-beans-3.2.7.RELEASE.jar;C:\Program Files (x86)\netbeans\java\modules\ext\spring-3.0\spring-build-src-3.2.7.RELEASE.jar;C:\Program Files (x86)\netbeans\java\modules\ext\spring-3.0\spring-context-3.2.7.RELEASE.jar;C:\Program Files (x86)\netbeans\java\modules\ext\spring-3.0\spring-context-support-3.2.7.RELEASE.jar;C:\Program Files (x86)\netbeans\java\modules\ext\spring-3.0\spring-core-3.2.7.RELEASE.jar;C:\Program Files (x86)\netbeans\java\modules\ext\spring-3.0\spring-expression-3.2.7.RELEASE.jar;C:\Program Files (x86)\netbeans\java\modules\ext\spring-3.0\spring-framework-bom-3.2.7.RELEASE.jar;C:\Program Files (x86)\netbeans\java\modules\ext\spring-3.0\spring-instrument-3.2.7.RELEASE.jar;C:\Program Files (x86)\netbeans\java\modules\ext\spring-3.0\spring-instrument-tomcat-3.2.7.RELEASE.jar;C:\Program Files (x86)\netbeans\java\modules\ext\spring-3.0\spring-jdbc-3.2.7.RELEASE.jar;C:\Program Files (x86)\netbeans\java\modules\ext\spring-3.0\spring-jms-3.2.7.RELEASE.jar;C:\Program Files (x86)\netbeans\java\modules\ext\spring-3.0\spring-orm-3.2.7.RELEASE.jar;C:\Program Files (x86)\netbeans\java\modules\ext\spring-3.0\spring-oxm-3.2.7.RELEASE.jar;C:\Program Files (x86)\netbeans\java\modules\ext\spring-3.0\spring-struts-3.2.7.RELEASE.jar;C:\Program Files (x86)\netbeans\java\modules\ext\spring-3.0\spring-test-3.2.7.RELEASE.jar;C:\Program Files (x86)\netbeans\java\modules\ext\spring-3.0\spring-tx-3.2.7.RELEASE.jar;C:\Program Files (x86)\netbeans\java\modules\ext\spring-3.0\spring-web-3.2.7.RELEASE.jar;C:\Program Files (x86)\netbeans\java\modules\ext\spring-3.0\spring-webmvc-3.2.7.RELEASE.jar;C:\Program Files (x86)\netbeans\java\modules\ext\spring-3.0\spring-webmvc-portlet-3.2.7.RELEASE.jar" />
    <property name="javac.includesfile.binary" value="C:\Users\diego\Documents\NetBeansProjects\ArmazenamentoDistribuido\null1397104968" />
    <property name="javac.test.classpath" value="C:\Program Files (x86)\netbeans\platform\modules\ext\hamcrest-core-1.3.jar:C:\Program Files (x86)\netbeans\platform\modules\ext\junit-4.12.jar:build/classes" />
    <property name="java.specification.version" value="12" />
    <property name="sun.cpu.isalist" value="amd64" />
    <property name="jar.index.metainf" value="false" />
    <property name="do.depend" value="false" />
    <property name="javadoc.preview" value="true" />
    <property name="libs.spring-framework400.classpath" value="C:\Program Files (x86)\netbeans\ide\modules\org-apache-commons-logging.jar;C:\Program Files (x86)\netbeans\java\modules\ext\cglib-2.2.jar;C:\Program Files (x86)\netbeans\java\modules\ext\spring-4\spring-aop-4.0.1.RELEASE.jar;C:\Program Files (x86)\netbeans\java\modules\ext\spring-4\spring-aspects-4.0.1.RELEASE.jar;C:\Program Files (x86)\netbeans\java\modules\ext\spring-4\spring-beans-4.0.1.RELEASE.jar;C:\Program Files (x86)\netbeans\java\modules\ext\spring-4\spring-build-src-4.0.1.RELEASE.jar;C:\Program Files (x86)\netbeans\java\modules\ext\spring-4\spring-context-4.0.1.RELEASE.jar;C:\Program Files (x86)\netbeans\java\modules\ext\spring-4\spring-context-support-4.0.1.RELEASE.jar;C:\Program Files (x86)\netbeans\java\modules\ext\spring-4\spring-core-4.0.1.RELEASE.jar;C:\Program Files (x86)\netbeans\java\modules\ext\spring-4\spring-expression-4.0.1.RELEASE.jar;C:\Program Files (x86)\netbeans\java\modules\ext\spring-4\spring-framework-bom-4.0.1.RELEASE.jar;C:\Program Files (x86)\netbeans\java\modules\ext\spring-4\spring-instrument-4.0.1.RELEASE.jar;C:\Program Files (x86)\netbeans\java\modules\ext\spring-4\spring-instrument-tomcat-4.0.1.RELEASE.jar;C:\Program Files (x86)\netbeans\java\modules\ext\spring-4\spring-jdbc-4.0.1.RELEASE.jar;C:\Program Files (x86)\netbeans\java\modules\ext\spring-4\spring-jms-4.0.1.RELEASE.jar;C:\Program Files (x86)\netbeans\java\modules\ext\spring-4\spring-messaging-4.0.1.RELEASE.jar;C:\Program Files (x86)\netbeans\java\modules\ext\spring-4\spring-orm-4.0.1.RELEASE.jar;C:\Program Files (x86)\netbeans\java\modules\ext\spring-4\spring-oxm-4.0.1.RELEASE.jar;C:\Program Files (x86)\netbeans\java\modules\ext\spring-4\spring-test-4.0.1.RELEASE.jar;C:\Program Files (x86)\netbeans\java\modules\ext\spring-4\spring-tx-4.0.1.RELEASE.jar;C:\Program Files (x86)\netbeans\java\modules\ext\spring-4\spring-web-4.0.1.RELEASE.jar;C:\Program Files (x86)\netbeans\java\modules\ext\spring-4\spring-webmvc-4.0.1.RELEASE.jar;C:\Program Files (x86)\netbeans\java\modules\ext\spring-4\spring-webmvc-portlet-4.0.1.RELEASE.jar;C:\Program Files (x86)\netbeans\java\modules\ext\spring-4\spring-websocket-4.0.1.RELEASE.jar" />
    <property name="test.binaryincludes" value="&lt;nothing&gt;" />
    <property name="sun.arch.data.model" value="64" />
    <property name="nb.show.statistics.ui" value="usageStatisticsEnabled" />
    <property name="debug-transport" value="dt_shmem" />
    <property name="java.vendor.url" value="https://java.oracle.com/" />
    <property name="annotation.processing.enabled" value="true" />
    <property name="libs.junit_5.src" value="C:\Program Files (x86)\netbeans\platform\docs\junit-jupiter-api-5.3.1-sources.jar;C:\Program Files (x86)\netbeans\platform\docs\junit-jupiter-params-5.3.1-sources.jar;C:\Program Files (x86)\netbeans\platform\docs\junit-jupiter-engine-5.3.1-sources.jar" />
    <property name="debug.modulepath" value="" />
    <property name="libs.jaxb.classpath" value="C:\Program Files (x86)\netbeans\ide\modules\ext\jaxb\jaxb-impl-2.2.5-2.jar;C:\Program Files (x86)\netbeans\ide\modules\ext\jaxb\jaxb-xjc-2.2.5-2.jar;C:\Program Files (x86)\netbeans\ide\modules\ext\jaxb\jaxb1-impl-2.2.5-2.jar;C:\Program Files (x86)\netbeans\ide\modules\ext\jaxb\activation.jar;C:\Program Files (x86)\netbeans\ide\modules\ext\jaxb\api\jaxb-api.jar" />
    <property name="libs.eclipselink.javadoc" value="" />
    <property name="libs.JWSAntTasks.javadoc" value="" />
    <property name="sun.boot.library.path" value="C:\Program Files\Java\jdk-12\bin" />
    <property name="libs.CopyLibs.src" value="" />
    <property name="sun.java.command" value="org.apache.tools.ant.taskdefs.optional.junit.JUnitTestRunner util.TreeTeste skipNonTests=false filtertrace=true haltOnError=false haltOnFailure=false showoutput=true outputtoformatters=true logfailedtests=true threadid=0 logtestlistenerevents=true formatter=org.apache.tools.ant.taskdefs.optional.junit.BriefJUnitResultFormatter formatter=org.apache.tools.ant.taskdefs.optional.junit.XMLJUnitResultFormatter,C:\Users\diego\Documents\NetBeansProjects\ArmazenamentoDistribuido\build\test\results\TEST-util.TreeTeste.xml crashfile=C:\Users\diego\Documents\NetBeansProjects\ArmazenamentoDistribuido\build\junitvmwatcher2880423731473079024.properties propsfile=C:\Users\diego\Documents\NetBeansProjects\ArmazenamentoDistribuido\build\junit15837548671399780541.properties" />
    <property name="ant.file.ArmazenamentoDistribuido" value="C:\Users\diego\Documents\NetBeansProjects\ArmazenamentoDistribuido\build.xml" />
    <property name="jdk.debug" value="release" />
    <property name="libs.spring-framework300.src" value="" />
    <property name="javac.source" value="11" />
    <property name="java.specification.vendor" value="Oracle Corporation" />
    <property name="javadoc.use" value="true" />
    <property name="libs.javac-api.maven-pom" value="" />
    <property name="java.version.date" value="2019-03-19" />
    <property name="javadoc.notree" value="false" />
    <property name="java.home" value="C:\Program Files\Java\jdk-12" />
    <property name="basedir" value="C:\Users\diego\Documents\NetBeansProjects\ArmazenamentoDistribuido" />
    <property name="ant.file.type.ArmazenamentoDistribuido-impl" value="file" />
    <property name="work.dir" value="C:\Users\diego\Documents\NetBeansProjects\ArmazenamentoDistribuido" />
    <property name="javac.test.compilerargs" value="" />
    <property name="java.vm.specification.vendor" value="Oracle Corporation" />
    <property name="java.specification.name" value="Java Platform API Specification" />
    <property name="jna.boot.library.name" value="jnidispatch-440" />
    <property name="libs.PostgreSQLDriver.classpath" value="C:\Program Files (x86)\netbeans\ide\modules\ext\postgresql-42.2.5.jar" />
    <property name="libs.javac-api.javadoc" value="" />
    <property name="libs.JAXB-ENDORSED.src" value="" />
    <property name="netbeans.extbrowser.manual_chrome_plugin_install" value="yes" />
    <property name="manifest.encoding" value="UTF-8" />
    <property name="user.script" value="" />
    <property name="netbeans.default_userdir_root" value="C:\Users\diego\AppData\Roaming\NetBeans" />
    <property name="libs.spring-framework400.src" value="" />
    <property name="sun.management.compiler" value="HotSpot 64-Bit Tiered Compilers" />
    <property name="jdk.home" value="C:\Program Files\Java\jdk-12" />
    <property name="run.test.modulepath" value="" />
    <property name="java.runtime.version" value="12+33" />
    <property name="libs.eclipselink.maven-pom" value="" />
    <property name="libs.JAXB-ENDORSED.javadoc" value="" />
    <property name="debug.test.modulepath" value="" />
    <property name="file.encoding" value="Cp1252" />
    <property name="sun.java2d.noddraw" value="true" />
    <property name="java.util.logging.config.class" value="org.netbeans.core.startup.TopLogging" />
    <property name="sun.zip.disableMemoryMapping" value="true" />
    <property name="libs.groovy-all.maven-pom" value="" />
    <property name="libs.junit_5.javadoc" value="C:\Program Files (x86)\netbeans\platform\docs\junit-jupiter-api-5.3.1-javadoc.jar;C:\Program Files (x86)\netbeans\platform\docs\junit-jupiter-params-5.3.1-javadoc.jar;C:\Program Files (x86)\netbeans\platform\docs\junit-jupiter-engine-5.3.1-javadoc.jar" />
    <property name="libs.absolutelayout.classpath" value="C:\Program Files (x86)\netbeans\java\modules\ext\AbsoluteLayout.jar" />
    <property name="dist.archive.excludes" value="" />
    <property name="java.io.tmpdir" value="C:\Users\diego\AppData\Local\Temp\" />
    <property name="do.archive" value="true" />
    <property name="java.version" value="12" />
    <property name="java.vm.specification.name" value="Java Virtual Machine Specification" />
    <property name="built-jar.properties" value="C:\Users\diego\Documents\NetBeansProjects\ArmazenamentoDistribuido\build\built-jar.properties" />
    <property name="nb.native.filechooser" value="false" />
    <property name="libs.testng.src" value="" />
    <property name="platform.active" value="default_platform" />
    <property name="libs.hamcrest.src" value="" />
    <property name="java.library.path" value="C:\Program Files\Java\jdk-12\bin;C:\WINDOWS\Sun\Java\bin;C:\WINDOWS\system32;C:\WINDOWS;C:\Python27\;C:\Python27\Scripts;C:\Program Files (x86)\Python37-32\Scripts\;C:\Program Files (x86)\Python37-32\;C:\Program Files (x86)\Common Files\Oracle\Java\javapath;C:\Program Files (x86)\Intel\Intel(R) Management Engine Components\iCLS\;C:\Program Files\Intel\Intel(R) Management Engine Components\iCLS\;C:\WINDOWS\system32;C:\WINDOWS;C:\WINDOWS\System32\Wbem;C:\WINDOWS\System32\WindowsPowerShell\v1.0\;C:\WINDOWS\System32\OpenSSH\;C:\Program Files (x86)\Intel\Intel(R) Management Engine Components\DAL;C:\Program Files\Intel\Intel(R) Management Engine Components\DAL;C:\Program Files (x86)\Intel\Intel(R) Management Engine Components\IPT;C:\Program Files\Intel\Intel(R) Management Engine Components\IPT;C:\xampp\php;C:\ProgramData\ComposerSetup\bin;C:\Program Files\Git\cmd;C:\ProgramData\chocolatey\bin;C:\Program Files\nodejs\;C:\Program Files\Java\jdk1.8.0_211\bin;C:\RailsInstaller\Git\cmd;C:\RailsInstaller\Ruby2.1.0\bin;C:\Users\diego\AppData\Local\Programs\Python\Python37\Scripts\;C:\Users\diego\AppData\Local\Programs\Python\Python37\;C:\Users\diego\AppData\Local\Microsoft\WindowsApps;C:\Users\diego\AppData\Roaming\Composer\vendor\bin;C:\Users\diego\AppData\Local\Programs\Microsoft VS Code\bin;C:\Program Files\JetBrains\PyCharm Community Edition 2018.3.5\bin;C:\Program Files\JetBrains\IntelliJ IDEA Community Edition 2018.3.5\bin;C:\Users\diego\AppData\Local\GitHubDesktop\bin;C:\Users\diego\AppData\Roaming\npm;." />
    <property name="manifest.file" value="manifest.mf" />
    <property name="java.vendor" value="Oracle Corporation" />
    <property name="libs.testng.javadoc" value="C:\Program Files (x86)\netbeans\platform\docs\testng-6.8.1-javadoc.zip" />
    <property name="libs.groovy-all.src" value="" />
    <property name="meta.inf.dir" value="src/META-INF" />
    <property name="run.upgrademodulepath" value="" />
    <property name="sun.io.unicode.encoding" value="UnicodeLittle" />
    <property name="compile.on.save" value="true" />
    <property name="jlink.additionalparam" value="" />
    <property name="libs.testng.maven-pom" value="" />
    <property name="org.openide.version" value="deprecated" />
    <property name="sun.desktop" value="windows" />
    <property name="default.javac.source" value="12" />
    <property name="netbeans.dynamic.classpath" value="C:\Program Files (x86)\netbeans\platform\core\asm-all-5.0.1.jar;C:\Program Files (x86)\netbeans\platform\core\core-base.jar;C:\Program Files (x86)\netbeans\platform\core\core.jar;C:\Program Files (x86)\netbeans\platform\core\org-netbeans-libs-asm.jar;C:\Program Files (x86)\netbeans\platform\core\org-openide-filesystems-compat8.jar;C:\Program Files (x86)\netbeans\platform\core\org-openide-filesystems.jar;C:\Program Files (x86)\netbeans\nb\core\org-netbeans-upgrader.jar;C:\Program Files (x86)\netbeans\nb\core\locale\core_nb.jar" />
    <property name="test.includes" value="util/TreeTeste.java" />
    <property name="run.classpath" value="C:\Program Files (x86)\netbeans\platform\modules\ext\hamcrest-core-1.3.jar:C:\Program Files (x86)\netbeans\platform\modules\ext\junit-4.12.jar:build/classes" />
    <property name="libs.jaxb.src" value="" />
    <property name="libs.eclipselinkmodelgen.classpath" value="C:\Program Files (x86)\netbeans\java\modules\ext\eclipselink\org.eclipse.persistence.jpa.modelgen.processor-2.5.2.jar" />
    <property name="javac.systemmodulepath.cmd.line.arg" value="" />
    <property name="test.src.dir" value="test" />
    <property name="sun.awt.enableExtraMouseButtons" value="true" />
    <property name="org.openide.major.version" value="IDE/1" />
    <property name="libs.spring-framework300.javadoc" value="" />
    <property name="netbeans.buildnumber" value="incubator-netbeans-release-380-on-20181217" />
    <property name="ap.proc.none.internal" value="" />
    <property name="endorsed.classpath.cmd.line.arg" value="" />
    <property name="org.openide.specification.version" value="6.2" />
    <property name="user.timezone" value="America/Bahia" />
    <property name="libs.jpa20-persistence.maven-pom" value="" />
    <property name="jar.index" value="false" />
    <property name="libs.jpa20-persistence.classpath" value="C:\Program Files (x86)\netbeans\java\modules\ext\eclipselink\javax.persistence-2.1.0.jar" />
    <property name="libs.junit_5.classpath" value="C:\Program Files (x86)\netbeans\platform\modules\ext\junit-jupiter-api-5.3.1.jar;C:\Program Files (x86)\netbeans\platform\modules\ext\junit-jupiter-params-5.3.1.jar;C:\Program Files (x86)\netbeans\platform\modules\ext\junit-jupiter-engine-5.3.1.jar" />
    <property name="libs.eclipselinkmodelgen.javadoc" value="" />
    <property name="build.sysclasspath" value="ignore" />
    <property name="libs.CopyLibs.maven-pom" value="" />
    <property name="java.vm.specification.version" value="12" />
    <property name="os.name" value="Windows 10" />
    <property name="javadoc.noindex" value="false" />
    <property name="jdkBug6558476" value="false" />
    <property name="javadoc.private" value="false" />
    <property name="javadoc.author" value="false" />
    <property name="main.class" value="armazenamentodistribuido.ArmazenamentoDistribuido" />
    <property name="libs.JAXB-ENDORSED.maven-pom" value="" />
    <property name="user.home" value="C:\Users\diego" />
    <property name="source.encoding" value="UTF-8" />
    <property name="libs.eclipselinkmodelgen.maven-pom" value="" />
    <property name="jar.compress" value="false" />
    <property name="have.sources" value="true" />
    <property name="annotation.processing.processors.list" value="" />
    <property name="jlink.launcher" value="true" />
    <property name="javac.deprecation" value="false" />
    <property name="java.awt.graphicsenv" value="sun.awt.Win32GraphicsEnvironment" />
    <property name="build.generated.sources.dir" value="build/generated-sources" />
    <property name="apple.awt.graphics.UseQuartz" value="true" />
    <property name="plugin.manager.check.updates" value="false" />
    <property name="run.jvmargs" value="" />
    <property name="netbeans.autoupdate.language" value="pt" />
    <property name="ant.file.type.ArmazenamentoDistribuido" value="file" />
    <property name="libs.eclipselinkmodelgen.src" value="" />
    <property name="build.compiler.emacs" value="true" />
    <property name="build.classes.excludes" value="**/*.java,**/*.form" />
    <property name="dist.jar" value="dist/ArmazenamentoDistribuido.jar" />
    <property name="ant.file" value="C:\Users\diego\Documents\NetBeansProjects\ArmazenamentoDistribuido\build.xml" />
    <property name="path.separator" value=";" />
    <property name="modules.supported.internal" value="true" />
    <property name="os.version" value="10.0" />
    <property name="libs.JAXB-ENDORSED.classpath" value="C:\Program Files (x86)\netbeans\ide\modules\ext\jaxb\api\jaxb-api.jar" />
    <property name="netbeans.home" value="C:\Program Files (x86)\netbeans\platform" />
    <property name="libs.CopyLibs.javadoc" value="" />
    <property name="build.test.results.dir" value="build/test/results" />
    <property name="debug-transport-by-os" value="dt_shmem" />
    <property name="libs.jaxws21.javadoc" value="C:\Program Files (x86)\netbeans\java\docs\jaxws-api-doc.zip" />
    <property name="libs.spring-framework400.maven-pom" value="" />
    <property name="ap.processors.internal" value="" />
    <property name="java.vm.name" value="Java HotSpot(TM) 64-Bit Server VM" />
    <property name="unnamed.module.internal" value="true" />
    <property name="module.name" value="" />
    <property name="libs.jaxws21.classpath" value="C:\Program Files (x86)\netbeans\java\modules\ext\jaxws22\FastInfoset.jar;C:\Program Files (x86)\netbeans\java\modules\ext\jaxws22\gmbal-api-only.jar;C:\Program Files (x86)\netbeans\java\modules\ext\jaxws22\ha-api.jar;C:\Program Files (x86)\netbeans\java\modules\ext\jaxws22\javax.mail_1.4.jar;C:\Program Files (x86)\netbeans\java\modules\ext\jaxws22\jaxws-rt.jar;C:\Program Files (x86)\netbeans\java\modules\ext\jaxws22\jaxws-tools.jar;C:\Program Files (x86)\netbeans\java\modules\ext\jaxws22\management-api.jar;C:\Program Files (x86)\netbeans\java\modules\ext\jaxws22\mimepull.jar;C:\Program Files (x86)\netbeans\java\modules\ext\jaxws22\policy.jar;C:\Program Files (x86)\netbeans\java\modules\ext\jaxws22\saaj-impl.jar;C:\Program Files (x86)\netbeans\java\modules\ext\jaxws22\stax-ex.jar;C:\Program Files (x86)\netbeans\java\modules\ext\jaxws22\stax2-api.jar;C:\Program Files (x86)\netbeans\java\modules\ext\jaxws22\streambuffer.jar;C:\Program Files (x86)\netbeans\java\modules\ext\jaxws22\woodstox-core-asl.jar;C:\Program Files (x86)\netbeans\java\modules\ext\jaxws22\api\jaxws-api.jar;C:\Program Files (x86)\netbeans\java\modules\ext\jaxws22\api\jsr181-api.jar;C:\Program Files (x86)\netbeans\java\modules\ext\jaxws22\api\javax.annotation.jar;C:\Program Files (x86)\netbeans\java\modules\ext\jaxws22\api\saaj-api.jar;C:\Program Files (x86)\netbeans\ide\modules\ext\jaxb\activation.jar;C:\Program Files (x86)\netbeans\ide\modules\ext\jaxb\api\jaxb-api.jar" />
    <property name="os.arch" value="amd64" />
    <property name="build.generated.dir" value="build/generated" />
    <property name="libs.hamcrest.javadoc" value="" />
    <property name="libs.spring-framework400.javadoc" value="" />
    <property name="libs.javac-api.src" value="" />
    <property name="libs.groovy-all.javadoc" value="" />
    <property name="java.vm.info" value="mixed mode, sharing" />
    <property name="libs.jaxws21.maven-pom" value="" />
    <property name="run.test.classpath" value="C:\Program Files (x86)\netbeans\platform\modules\ext\hamcrest-core-1.3.jar:C:\Program Files (x86)\netbeans\platform\modules\ext\junit-4.12.jar:build/classes:build/test/classes" />
    <property name="dist.jlink.output" value="dist/jlink/ArmazenamentoDistribuido" />
    <property name="java.class.version" value="56.0" />
    <property name="javadoc.encoding.used" value="UTF-8" />
    <property name="src.dir" value="src" />
    <property name="org.netbeans.io.suspend" value="0" />
    <property name="debug.classpath" value="C:\Program Files (x86)\netbeans\platform\modules\ext\hamcrest-core-1.3.jar:C:\Program Files (x86)\netbeans\platform\modules\ext\junit-4.12.jar:build/classes" />
    <property name="ant.project.default-target" value="default" />
    <property name="awt.toolkit" value="sun.awt.windows.WToolkit" />
    <property name="excludes" value="" />
    <property name="ant.project.name" value="ArmazenamentoDistribuido" />
    <property name="dist.javadoc.dir" value="dist/javadoc" />
    <property name="sun.jnu.encoding" value="Cp1252" />
    <property name="libs.junit_4.javadoc" value="C:\Program Files (x86)\netbeans\platform\docs\junit-4.12-javadoc.jar" />
    <property name="run.test.jvmargs" value="" />
    <property name="default.javac.target" value="12" />
    <property name="javac.fork" value="true" />
    <property name="libs.eclipselink.classpath" value="C:\Program Files (x86)\netbeans\java\modules\ext\eclipselink\org.eclipse.persistence.core-2.5.2.jar;C:\Program Files (x86)\netbeans\java\modules\ext\eclipselink\org.eclipse.persistence.asm-2.5.2.jar;C:\Program Files (x86)\netbeans\java\modules\ext\eclipselink\org.eclipse.persistence.antlr-2.5.2.jar;C:\Program Files (x86)\netbeans\java\modules\ext\eclipselink\org.eclipse.persistence.jpa-2.5.2.jar;C:\Program Files (x86)\netbeans\java\modules\ext\eclipselink\org.eclipse.persistence.jpa.jpql-2.5.2.jar;C:\Program Files (x86)\netbeans\java\modules\ext\eclipselink\javax.persistence-2.1.0.jar" />
    <property name="sun.java2d.dpiaware" value="true" />
    <property name="libs.javac-api.classpath" value="" />
    <property name="main.class.available" value="true" />
    <property name="netbeans.importclass" value="org.netbeans.upgrade.AutoUpgrade" />
    <property name="libs.PostgreSQLDriver.maven-pom" value="" />
    <property name="libs.absolutelayout.src" value="" />
    <property name="netbeans.autoupdate.version" value="1.23" />
    <property name="empty.dir" value="C:\Users\diego\Documents\NetBeansProjects\ArmazenamentoDistribuido\build\empty" />
    <property name="testng.mode" value="testng" />
    <property name="annotation.processing.enabled.in.editor" value="false" />
    <property name="netbeans.user" value="C:\Users\diego\AppData\Roaming\NetBeans\10.0" />
    <property name="javac.includes.binary" value="C:\Users\diego\Documents\NetBeansProjects\ArmazenamentoDistribuido\build\test\classes\util\TreeTeste.class" />
    <property name="file.separator" value="\" />
    <property name="java.vm.compressedOopsMode" value="32-bit" />
    <property name="line.separator" value="&#xd;&#xa;" />
    <property name="javadoc.additionalparam" value="" />
    <property name="netbeans.productversion" value="Apache NetBeans IDE 10.0 (Build incubator-netbeans-release-380-on-20181217)" />
    <property name="javac.debug" value="true" />
    <property name="libs.testng.classpath" value="C:\Program Files (x86)\netbeans\platform\modules\ext\testng-6.8.1-dist.jar" />
    <property name="mkdist.disabled" value="false" />
    <property name="user.name" value="diego" />
    <property name="build.classes.dir" value="build/classes" />
    <property name="nb.junit.single" value="false" />
    <property name="javadoc.windowtitle" value="" />
    <property name="nb.internal.action.name" value="test.single" />
    <property name="libs.groovy-all.classpath" value="C:\Program Files (x86)\netbeans\groovy\modules\ext\groovy.jar;C:\Program Files (x86)\netbeans\groovy\modules\ext\groovy-ant.jar" />
    <property name="libs.absolutelayout.javadoc" value="" />
    <property name="libs.jaxws21.src" value="" />
    <property name="module.build.classes.dir" value="build/classes" />
    <property name="annotation.processing.processor.options" value="" />
    <property name="libs.jaxb.maven-pom" value="" />
    <property name="dist.dir" value="dist" />
    <property name="jna.loaded" value="true" />
    <property name="build.dir" value="build" />
    <property name="libs.junit_5.maven-pom" value="" />
    <property name="netbeans.autoupdate.variant" value="" />
    <property name="libs.jpa20-persistence.javadoc" value="" />
    <property name="javadoc.version" value="false" />
    <property name="ant.junit.enabletestlistenerevents" value="true" />
    <property name="libs.JWSAntTasks.src" value="" />
    <property name="libs.CopyLibs.classpath" value="C:\Program Files (x86)\netbeans\java\ant\extra\org-netbeans-modules-java-j2seproject-copylibstask.jar" />
    <property name="ant.home" value="C:\Program Files (x86)\netbeans\extide\ant" />
    <property name="sun.os.patch.level" value="" />
    <property name="javac.external.vm" value="true" />
    <property name="have.tests" value="true" />
    <property name="debug.test.classpath" value="C:\Program Files (x86)\netbeans\platform\modules\ext\hamcrest-core-1.3.jar:C:\Program Files (x86)\netbeans\platform\modules\ext\junit-4.12.jar:build/classes:build/test/classes" />
    <property name="testng.debug.mode" value="" />
    <property name="javac.target" value="11" />
    <property name="ant.version" value="Apache Ant(TM) version 1.10.4 compiled on June 19 2018" />
    <property name="libs.absolutelayout.maven-pom" value="" />
    <property name="javadoc.html5" value="false" />
    <property name="javac.test.processorpath" value="C:\Program Files (x86)\netbeans\platform\modules\ext\hamcrest-core-1.3.jar:C:\Program Files (x86)\netbeans\platform\modules\ext\junit-4.12.jar:build/classes" />
    <property name="jdk.gtk.version" value="2.2" />
    <property name="java.failonerror" value="true" />
    <property name="netbeans.dirs" value="C:\Program Files (x86)\netbeans\nb;C:\Program Files (x86)\netbeans\ergonomics;C:\Program Files (x86)\netbeans\ide;C:\Program Files (x86)\netbeans\extide;C:\Program Files (x86)\netbeans\java;C:\Program Files (x86)\netbeans\apisupport;C:\Program Files (x86)\netbeans\webcommon;C:\Program Files (x86)\netbeans\websvccommon;C:\Program Files (x86)\netbeans\enterprise;C:\Program Files (x86)\netbeans\mobility;C:\Program Files (x86)\netbeans\profiler;C:\Program Files (x86)\netbeans\python;C:\Program Files (x86)\netbeans\php;C:\Program Files (x86)\netbeans\identity;C:\Program Files (x86)\netbeans\harness;C:\Program Files (x86)\netbeans\cnd;C:\Program Files (x86)\netbeans\cndext;C:\Program Files (x86)\netbeans\dlight;C:\Program Files (x86)\netbeans\groovy;C:\Program Files (x86)\netbeans\extra;C:\Program Files (x86)\netbeans\javacard;C:\Program Files (x86)\netbeans\javafx" />
    <property name="javac.modulepath" value="" />
    <property name="user.properties.file" value="C:\Users\diego\AppData\Roaming\NetBeans\10.0\build.properties" />
    <property name="javac.includes" value="util/TreeTeste.java" />
    <property name="libs.hamcrest.maven-pom" value="" />
    <property name="netbeans.autoupdate.country" value="BR" />
    <property name="javac.processorpath" value="C:\Program Files (x86)\netbeans\platform\modules\ext\hamcrest-core-1.3.jar:C:\Program Files (x86)\netbeans\platform\modules\ext\junit-4.12.jar" />
    <property name="java.class.path" value="C:\Program Files (x86)\netbeans\platform\modules\ext\hamcrest-core-1.3.jar;C:\Program Files (x86)\netbeans\platform\modules\ext\junit-4.12.jar;C:\Users\diego\Documents\NetBeansProjects\ArmazenamentoDistribuido\build\classes;C:\Users\diego\Documents\NetBeansProjects\ArmazenamentoDistribuido\build\test\classes;C:\Users\diego\Documents\NetBeansProjects\ArmazenamentoDistribuido;C:\Program Files (x86)\netbeans\extide\ant\lib\ant-launcher.jar;C:\Program Files (x86)\netbeans\extide\ant\lib\ant.jar;C:\Program Files (x86)\netbeans\extide\ant\lib\ant-junit.jar;C:\Program Files (x86)\netbeans\extide\ant\lib\ant-junit4.jar" />
    <property name="libs.JWSAntTasks.maven-pom" value="" />
    <property name="java.vm.vendor" value="Oracle Corporation" />
    <property name="ap.supported.internal" value="true" />
    <property name="user.variant" value="" />
    <property name="netbeans.home+have.tests" value="true" />
    <property name="run.modulepath" value="" />
    <property name="javac.upgrademodulepath" value="" />
    <property name="test.binaryexcludes" value="" />
    <property name="do.archive+manifest.available" value="true" />
    <property name="ant.file.ArmazenamentoDistribuido-impl" value="C:\Users\diego\Documents\NetBeansProjects\ArmazenamentoDistribuido\nbproject\build-impl.xml" />
    <property name="javac.compilerargs" value="" />
    <property name="apple.laf.useScreenMenuBar" value="true" />
    <property name="user.country" value="BR" />
    <property name="sun.java.launcher" value="SUN_STANDARD" />
    <property name="libs.jpa20-persistence.src" value="" />
    <property name="javac.test.sourcepath" value="C:\Users\diego\Documents\NetBeansProjects\ArmazenamentoDistribuido\build\empty" />
    <property name="sun.cpu.endian" value="little" />
    <property name="libs.junit_4.src" value="C:\Program Files (x86)\netbeans\platform\docs\junit-4.12-sources.jar" />
    <property name="user.language" value="pt" />
    <property name="copylibs.rebase" value="true" />
    <property name="includes" value="**" />
    <property name="javadoc.nonavbar" value="false" />
    <property name="ant.java.version" value="12" />
    <property name="libs.junit_4.classpath" value="C:\Program Files (x86)\netbeans\platform\modules\ext\junit-4.12.jar" />
    <property name="libs.hamcrest.classpath" value="C:\Program Files (x86)\netbeans\platform\modules\ext\hamcrest-core-1.3.jar" />
    <property name="jlink.launcher.name" value="ArmazenamentoDistribuido" />
    <property name="javadoc.splitindex" value="true" />
    <property name="libs.JWSAntTasks.classpath" value="C:\Program Files (x86)\netbeans\java\ant\extra\org-netbeans-modules-javawebstart-anttasks.jar" />
    <property name="test.binarytestincludes" value="" />
    <property name="junit.available" value="true" />
    <property name="sun.awt.keepWorkingSetOnMinimize" value="true" />
    <property name="javac.processormodulepath" value="" />
    <property name="libs.junit_4.maven-pom" value="" />
    <property name="runtime.encoding" value="UTF-8" />
    <property name="jlink.additionalmodules" value="" />
    <property name="javadoc.encoding" value="UTF-8" />
    <property name="javac.classpath" value="C:\Program Files (x86)\netbeans\platform\modules\ext\hamcrest-core-1.3.jar:C:\Program Files (x86)\netbeans\platform\modules\ext\junit-4.12.jar" />
    <property name="dist.jlink.dir" value="dist/jlink" />
    <property name="netbeans.hash.code" value="unique=0efdce6eb-9f49-479c-968d-e1d739742169_cf9e1998-5d9f-45e8-95ea-41c99b190fa3" />
    <property name="nb.junit.batch" value="true" />
    <property name="build.test.classes.dir" value="build/test/classes" />
    <property name="java.runtime.name" value="Java(TM) SE Runtime Environment" />
    <property name="libs.jaxb.javadoc" value="C:\Program Files (x86)\netbeans\ide\docs\jaxb-api-2.2.5-javadoc.jar" />
    <property name="manifest.available" value="true" />
    <property name="libs.spring-framework300.maven-pom" value="" />
    <property name="ant.project.invoked-targets" value="test-single" />
    <property name="run.jvmargs.ide" value="" />
    <property name="netbeans.automatic.build" value="true" />
    <property name="ap.cmd.line.internal" value="" />
    <property name="libs.PostgreSQLDriver.src" value="" />
    <property name="ant.core.lib" value="C:\Program Files (x86)\netbeans\extide\ant\lib\ant.jar" />
    <property name="java.vendor.url.bug" value="https://bugreport.java.com/bugreport/" />
    <property name="annotation.processing.source.output" value="build/generated-sources/ap-source-output" />
    <property name="user.dir" value="C:\Users\diego\Documents\NetBeansProjects\ArmazenamentoDistribuido" />
    <property name="javac.profile.cmd.line.arg" value="" />
    <property name="platform.java" value="C:\Program Files\Java\jdk-12/bin/java" />
    <property name="application.args" value="" />
    <property name="do.archive+main.class.available" value="true" />
    <property name="ignore.failing.tests" value="true" />
    <property name="javac.test.modulepath" value="" />
    <property name="org.xml.sax.driver" value="com.sun.org.apache.xerces.internal.jaxp.SAXParserImpl$JAXPSAXParser" />
    <property name="libs.PostgreSQLDriver.javadoc" value="" />
    <property name="libs.eclipselink.src" value="" />
    <property name="java.vm.version" value="12+33" />
    <property name="test.class" value="util.TreeTeste" />
    <property name="sun.awt.datatransfer.timeout" value="1000" />
    <property name="annotation.processing.run.all.processors" value="true" />
    <property name="junit.forkmode" value="perTest" />
  </properties>
  <testcase classname="util.TreeTeste" name="testeSize" time="0.016" />
  <testcase classname="util.TreeTeste" name="TesteMaiorChaveMenorChave" time="0.0" />
  <testcase classname="util.TreeTeste" name="TesteBusca" time="0.0" />
  <testcase classname="util.TreeTeste" name="testeInsercao" time="0.0" />
  <testcase classname="util.TreeTeste" name="isEmpty" time="0.0" />
  <system-out><![CDATA[]]></system-out>
  <system-err><![CDATA[]]></system-err>
</testsuite>
